<?xml version="1.0" encoding="UTF-8"?>
<!-- Generated by org.testng.reporters.JUnitXMLReporter -->
<testsuite ignored="0" hostname="EEE1607157" failures="0" tests="9" name="Default test" time="114.329" errors="0" timestamp="2025-08-09T10:55:50 IST">
  <testcase classname="com.qa.test.LoginTest" name="testOHRMlogo" time="5.079"/>
  <testcase classname="com.qa.test.LoginTest" name="testWithValidLoginCredentials" time="7.188"/>
  <testcase classname="com.qa.test.LoginTest" name="testLoginWithInvalidUsername" time="4.946"/>
  <testcase classname="com.qa.test.LoginTest" name="testLoginWithInvalidPassword" time="4.134"/>
  <testcase classname="com.qa.test.LoginTest" name="testLoginWithBlankUsernameAndPassword" time="4.182"/>
  <testcase classname="com.qa.test.LoginTest" name="testLoginWithBlankUsernameOnly" time="4.104"/>
  <testcase classname="com.qa.test.LoginTest" name="testLoginWithBlankPasswordOnly" time="4.085"/>
  <testcase classname="com.qa.test.LoginTest" name="testLoginWithSpacesInCredentials" time="6.986"/>
  <testcase classname="com.qa.test.LoginTest" name="testLoginFailsWithCaseSensitiveCredentials" time="6.077"/>
</testsuite> <!-- Default test -->
