<?xml version="1.0" encoding="UTF-8"?>
<!-- Generated by org.testng.reporters.JUnitXMLReporter -->
<testsuite ignored="0" hostname="EEE1607157" failures="0" tests="9" name="All Functional Tests" time="174.393" errors="0" timestamp="2025-08-09T11:58:25 IST">
  <testcase classname="com.qa.test.LoginTest" name="testOHRMlogo" time="5.391"/>
  <testcase classname="com.qa.test.LoginTest" name="testWithValidLoginCredentials" time="5.432"/>
  <testcase classname="com.qa.test.LoginTest" name="testLoginWithInvalidUsername" time="4.464"/>
  <testcase classname="com.qa.test.LoginTest" name="testLoginWithInvalidPassword" time="8.931"/>
  <testcase classname="com.qa.test.LoginTest" name="testLoginWithBlankUsernameAndPassword" time="4.436"/>
  <testcase classname="com.qa.test.LoginTest" name="testLoginWithBlankUsernameOnly" time="4.852"/>
  <testcase classname="com.qa.test.LoginTest" name="testLoginWithBlankPasswordOnly" time="7.963"/>
  <testcase classname="com.qa.test.LoginTest" name="testLoginWithSpacesInCredentials" time="5.691"/>
  <testcase classname="com.qa.test.LoginTest" name="testLoginFailsWithCaseSensitiveCredentials" time="10.009"/>
</testsuite> <!-- All Functional Tests -->
